[INFO] Code Deploy Infra mode: true
[2026-05-06 10:12:26] [INFO] ============================================================
[2026-05-06 10:12:26] [INFO] IAM Automation Starting..
[2026-05-06 10:12:26] [INFO] ============================================================
[2026-05-06 10:12:26] [INFO] Step 1: Validating AWS credentials...
[2026-05-06 10:12:26] [INFO]  AWS credentials valid - Running as: arn:aws:sts::567749996630:assumed-role/CICD_Automation_Role/i-0a906efc950ebc9ec
[2026-05-06 10:12:26] [INFO]  AWS credentials validation successful
[2026-05-06 10:12:26] [INFO] Step 2: Validating S3 bucket configuration...
[2026-05-06 10:12:26] [INFO]  S3 bucket gl05061145 is correctly configured
[2026-05-06 10:12:26] [INFO] Step 3: Validating customer managed policies...
[2026-05-06 10:12:27] [INFO]  Policy TomcatS3AccessPolicy is correctly configured
[2026-05-06 10:12:27] [INFO]  Policy CodeDeployS3AccessPolicy is correctly configured
[2026-05-06 10:12:27] [INFO]  Policy CodeBuildCodeConnectionsSourceCredentialsPolicy-helloworld-us-east-1 is correctly configured
[2026-05-06 10:12:27] [INFO] Step 4: Validating IAM roles...
[2026-05-06 10:12:28] [INFO]  Role TomcatInstanceRole is correctly configured
[2026-05-06 10:12:28] [INFO]  Role JenkinsServerRole is correctly configured
[2026-05-06 10:12:28] [INFO]  Role CodeDeployInstanceRole is correctly configured
[2026-05-06 10:12:28] [INFO]  Role CodeDeployServiceRole is correctly configured
[2026-05-06 10:12:28] [INFO]  Role CodeBuildServiceRole is correctly configured
[2026-05-06 10:12:28] [INFO]  Role ec2role is correctly configured
[2026-05-06 10:12:28] [INFO] Step 5: Validating instance profiles...
[2026-05-06 10:12:29] [INFO]  Instance profile TomcatInstanceRole is correctly configured
[2026-05-06 10:12:29] [INFO]  Instance profile JenkinsServerRole is correctly configured
[2026-05-06 10:12:29] [INFO]  Instance profile CodeDeployInstanceRole is correctly configured
[2026-05-06 10:12:29] [INFO]  Instance profile EC2_multirole is correctly configured
[2026-05-06 10:12:29] [INFO] Step 6: Performing final validation...
[2026-05-06 10:12:31] [INFO] No IAM changes made, skipping propagation wait
[2026-05-06 10:12:31] [INFO] ============================================================
[2026-05-06 10:12:31] [INFO]  All IAM resources validated and correctly configured
[2026-05-06 10:12:31] [INFO]  IAM Automation completed successfully
[2026-05-06 10:12:31] [INFO] ============================================================
[INFO] Querying VPC information for: ecommerce-vpc
[INFO] Loaded VPC: Name=ecommerce-vpc, ID=vpc-0044ab6fef09cb490, CIDR=10.0.0.0/16
[INFO] VPC 'ecommerce-vpc' exists with ID vpc-0044ab6fef09cb490
[INFO] VPC CIDR validated: 10.0.0.0/16
[INFO] Using VPC: Name=ecommerce-vpc, ID=vpc-0044ab6fef09cb490 for subnet operations
[INFO] Subnet 'public' exists with ID subnet-0373fbe3185e9a2cc
[INFO] CIDR and AZ match for subnet 'public': 10.0.1.0/24, us-east-1a
[INFO] Auto-assign public IP already enabled for subnet 'public'
[INFO] Subnet 'private' exists with ID subnet-079e826e470742c61
[INFO] CIDR and AZ match for subnet 'private': 10.0.2.0/24, us-east-1b
[INFO] Subnet 'management' exists with ID subnet-05fbcf1fd7fdedc6e
[INFO] CIDR and AZ match for subnet 'management': 10.0.3.0/24, us-east-1c
[INFO] All three subnets configured successfully
[INFO] Using VPC: Name=ecommerce-vpc, ID=vpc-0044ab6fef09cb490 for IGW operations
[INFO] Internet Gateway 'ecommerce-igw' exists with ID igw-081c0653acd2f05d7
[INFO] Internet Gateway 'ecommerce-igw' is already attached to VPC 'ecommerce-vpc'
[INFO] Configuring Security Groups for VPC: Name=ecommerce-vpc, ID=vpc-0044ab6fef09cb490, CIDR=10.0.0.0/16
[INFO] NAT Security group nat_sg already exists with ID sg-0c8eda4f6134f261f
[INFO] Adding inbound rule: All traffic from VPC CIDR (10.0.0.0/16)
[WARN] Rule may already exist
[INFO] NAT inbound rule configured
[INFO] Configuring NAT outbound rules (allow all)...
[WARN] Rule may already exist
[INFO] NAT outbound rules configured
[INFO] Security Groups setup complete
[INFO] Configuring NAT Instance: nat-instance
[INFO] Using VPC: Name=ecommerce-vpc, ID=vpc-0044ab6fef09cb490
[INFO] Using keypair: jenkins
[INFO] Creating NAT instance 'nat-instance'...
[INFO] Created NAT instance with ID i-0022e2fb064ff6610
[INFO] Waiting for NAT instance to be running...
[INFO] NAT instance is now running
[INFO] Waiting for NAT instance initialization (user data execution)...
[INFO] Disabling source/destination check for NAT instance...
[INFO] Source/destination check disabled
[INFO] NAT instance setup complete: i-0022e2fb064ff6610
[INFO] NAT Configuration:
[INFO]   - IP Forwarding: Enabled
[INFO]   - Send Redirects: Disabled
[INFO]   - iptables MASQUERADE: Configured
[INFO]   - Source/Dest Check: Disabled
[INFO] Configuring Route Tables for VPC: Name=ecommerce-vpc, ID=vpc-0044ab6fef09cb490
[INFO] Created Route Table 'public_rt' with ID rtb-07c7c48afc83523b7
[INFO] Created Route Table 'private_rt' with ID rtb-0a8d912b891a2c05d
[INFO] Created Route Table 'mgmt_rt' with ID rtb-049839d69cb2f90f4
{
    "AssociationId": "rtbassoc-04c0b7c0a55f73fe5",
    "AssociationState": {
        "State": "associated"
    }
}
[INFO] Associated Route Table rtb-07c7c48afc83523b7 with Subnet subnet-0373fbe3185e9a2cc
{
    "AssociationId": "rtbassoc-0c58eef533e62af10",
    "AssociationState": {
        "State": "associated"
    }
}
[INFO] Associated Route Table rtb-0a8d912b891a2c05d with Subnet subnet-079e826e470742c61
{
    "AssociationId": "rtbassoc-0600a83f1e7c2e776",
    "AssociationState": {
        "State": "associated"
    }
}
[INFO] Associated Route Table rtb-049839d69cb2f90f4 with Subnet subnet-05fbcf1fd7fdedc6e
[INFO] Creating default route in RT rtb-07c7c48afc83523b7 to igw igw-081c0653acd2f05d7
{
    "Return": true
}
[INFO] Creating default route in RT rtb-0a8d912b891a2c05d to nat i-0022e2fb064ff6610
{
    "Return": true
}
[INFO] Creating default route in RT rtb-049839d69cb2f90f4 to igw igw-081c0653acd2f05d7
{
    "Return": true
}
[INFO] All route tables configured successfully
Running in mode: true
[2026-05-06 10:13:56] [INFO] ============================================================
[2026-05-06 10:13:56] [INFO] Jenkins Infrastructure Automation Starting
[2026-05-06 10:13:56] [INFO] Mode: Week 1 - EC2 + CodeDeploy
[2026-05-06 10:13:56] [INFO] ============================================================
[2026-05-06 10:13:56] [INFO] ============================================================
[2026-05-06 10:13:56] [INFO] AWS clients initialized successfully
[2026-05-06 10:13:56] [INFO]   Running as: arn:aws:sts::567749996630:assumed-role/CICD_Automation_Role/i-0a906efc950ebc9ec
[2026-05-06 10:13:56] [INFO]   Account ID: 567749996630
[2026-05-06 10:13:56] [INFO]   Region: us-east-1
[2026-05-06 10:13:56] [INFO] Step 0: Validating IAM resources...
[2026-05-06 10:13:56] [INFO]  S3 bucket exists: gl05061145
[2026-05-06 10:13:56] [INFO]  IAM role exists: JenkinsServerRole
[2026-05-06 10:13:56] [INFO]  IAM role exists: CodeDeployInstanceRole
[2026-05-06 10:13:56] [INFO]  IAM role exists: CodeDeployServiceRole
[2026-05-06 10:13:56] [INFO]  IAM role exists: CodeBuildServiceRole
[2026-05-06 10:13:56] [INFO]  IAM role exists: TomcatInstanceRole
[2026-05-06 10:13:56] [INFO]  Instance profile exists: JenkinsServerRole
[2026-05-06 10:13:56] [INFO]  Instance profile exists: CodeDeployInstanceRole
[2026-05-06 10:13:56] [INFO]  Instance profile exists: TomcatInstanceRole
[2026-05-06 10:13:56] [INFO]  All IAM resources validated successfully
[2026-05-06 10:13:57] [INFO] Step 1: Validating network infrastructure...
[2026-05-06 10:13:57] [INFO] VPC validated: vpc-0044ab6fef09cb490 (10.0.0.0/16)
[2026-05-06 10:13:57] [INFO] Subnet validated: subnet-0373fbe3185e9a2cc (10.0.1.0/24)
[2026-05-06 10:13:57] [INFO] Internet Gateway validated: igw-081c0653acd2f05d7
[2026-05-06 10:13:57] [INFO] Route table validated: rtb-07c7c48afc83523b7
[2026-05-06 10:13:57] [INFO]  Network infrastructure validation successful
[2026-05-06 10:13:57] [INFO] Step 2: Creating key pair...
[2026-05-06 10:13:57] [INFO] Ensuring key pair 'jenkins' exists...
[2026-05-06 10:13:57] [INFO]  Key pair 'jenkins' already exists
[2026-05-06 10:13:57] [WARNING] ⚠ Private key file not found at /home/ubuntu/Downloads/jenkins.pem.
 To obtain a new private key you must delete the existing key pair in AWS and re-run the script to create/download a new key.
  - If you delete the key pair, existing EC2 instances launched with the old key will NOT automatically accept the new key.
  - To regain access to an existing instance you can use AWS Session Manager (SSM), or modify the root volume via a helper instance.
See documentation or ask for help if you need step-by-step guidance.
[2026-05-06 10:13:57] [INFO] Step 3: Skipping IAM propagation wait (already waited during network setup)
[2026-05-06 10:13:57] [INFO] Step 4: Creating security groups...
[2026-05-06 10:13:57] [INFO] Creating security groups in VPC: vpc-0044ab6fef09cb490
[2026-05-06 10:13:57] [INFO]  Created security group JenkinsServerSG: sg-0d201d5e26035ce18
[2026-05-06 10:13:58] [INFO]    Added rules to security group JenkinsServerSG
[2026-05-06 10:13:59] [INFO]  Created security group ApplicationServerSG: sg-0c0c346a0ecdf0ee0
[2026-05-06 10:13:59] [INFO]    Added rules to security group ApplicationServerSG
[2026-05-06 10:13:59] [INFO] Step 5: Getting latest Debian AMI...
[2026-05-06 10:14:00] [INFO] Using Debian AMI: ami-01afb95a7178475bf
[2026-05-06 10:14:00] [INFO] Step 6: Preparing userdata scripts...
[2026-05-06 10:14:00] [INFO] Substituted variables in tomcat_codedeploy userdata: AWS_REGION
[2026-05-06 10:14:00] [INFO] Tomcat CodeDeploy UserData size: 452 bytes (limit: 16384)
[2026-05-06 10:14:00] [INFO] Substituted variables in jenkins userdata: JENKINS_USER
[2026-05-06 10:14:00] [INFO] Substituted 1 sensitive variable(s)
[2026-05-06 10:14:00] [INFO] Jenkins UserData size: 6670 bytes (limit: 16384)
[2026-05-06 10:14:00] [INFO] Step 7: Creating Jenkins instance...
[2026-05-06 10:14:00] [INFO] Creating new Jenkins instance in subnet: subnet-0373fbe3185e9a2cc...
[2026-05-06 10:14:01] [INFO]  Created Jenkins instance: i-0e8f9976cc1469af8
[2026-05-06 10:14:01] [INFO] Waiting for Jenkins instance to be running...
[2026-05-06 10:14:16] [INFO] Jenkins instance public IP: 13.221.131.21
[2026-05-06 10:14:16] [INFO] Jenkins URL: http://13.221.131.21:8080
[2026-05-06 10:14:16] [INFO] Access Jenkins using the provided credentials.
[2026-05-06 10:14:16] [INFO] Step 8: Verifying CodeStar connection...
[2026-05-06 10:14:16] [INFO] Found connection 'github-connection': arn:aws:codeconnections:us-east-1:567749996630:connection/1b7648b6-4474-4081-9b4f-9a8c53c30f89
[2026-05-06 10:14:16] [INFO] Connection status: AVAILABLE
[2026-05-06 10:14:16] [INFO]  CodeStar connection is ready
[2026-05-06 10:14:16] [INFO] Step 9: Creating CodeBuild project...
[2026-05-06 10:14:16] [INFO] Creating CodeBuild project: helloworld
[2026-05-06 10:14:17] [ERROR] Error creating CodeBuild project: An error occurred (OAuthProviderException) when calling the CreateProject operation: User is not authorized to access connection arn:aws:codeconnections:us-east-1:567749996630:connection/1b7648b6-4474-4081-9b4f-9a8c53c30f89
[2026-05-06 10:14:17] [ERROR] Failed to create CodeBuild project
[2026-05-06 10:14:17] [INFO] ============================================================
[2026-05-06 10:14:17] [ERROR]  Jenkins Infrastructure automation failed
[2026-05-06 10:14:17] [INFO] ============================================================
[ERROR] Jenkins infrastructure automation failed! Check logs/cicd_20260506_101226.log for details
